_ef._conv_stem._conv._conv._conv.weight
_ef._conv_stem._conv._bn.weight
_ef._conv_stem._conv._bn.bias
_ef._conv_stem._conv._bn._mean
_ef._conv_stem._conv._bn._variance
_ef._blocks.0.._dcn._conv._conv._conv.weight
_ef._blocks.0.._dcn._conv._bn.weight
_ef._blocks.0.._dcn._conv._bn.bias
_ef._blocks.0.._dcn._conv._bn._mean
_ef._blocks.0.._dcn._conv._bn._variance
_ef._blocks.0.._se._conv1._conv.weight
_ef._blocks.0.._se._conv1._conv.bias
_ef._blocks.0.._se._conv2._conv.weight
_ef._blocks.0.._se._conv2._conv.bias
_ef._blocks.0.._pcn._conv._conv._conv.weight
_ef._blocks.0.._pcn._conv._bn.weight
_ef._blocks.0.._pcn._conv._bn.bias
_ef._blocks.0.._pcn._conv._bn._mean
_ef._blocks.0.._pcn._conv._bn._variance
_ef._blocks.1.._ecn._conv._conv._conv.weight
_ef._blocks.1.._ecn._conv._bn.weight
_ef._blocks.1.._ecn._conv._bn.bias
_ef._blocks.1.._ecn._conv._bn._mean
_ef._blocks.1.._ecn._conv._bn._variance
_ef._blocks.1.._dcn._conv._conv._conv.weight
_ef._blocks.1.._dcn._conv._bn.weight
_ef._blocks.1.._dcn._conv._bn.bias
_ef._blocks.1.._dcn._conv._bn._mean
_ef._blocks.1.._dcn._conv._bn._variance
_ef._blocks.1.._se._conv1._conv.weight
_ef._blocks.1.._se._conv1._conv.bias
_ef._blocks.1.._se._conv2._conv.weight
_ef._blocks.1.._se._conv2._conv.bias
_ef._blocks.1.._pcn._conv._conv._conv.weight
_ef._blocks.1.._pcn._conv._bn.weight
_ef._blocks.1.._pcn._conv._bn.bias
_ef._blocks.1.._pcn._conv._bn._mean
_ef._blocks.1.._pcn._conv._bn._variance
_ef.block.2.._ecn._conv._conv._conv.weight
_ef.block.2.._ecn._conv._bn.weight
_ef.block.2.._ecn._conv._bn.bias
_ef.block.2.._ecn._conv._bn._mean
_ef.block.2.._ecn._conv._bn._variance
_ef.block.2.._dcn._conv._conv._conv.weight
_ef.block.2.._dcn._conv._bn.weight
_ef.block.2.._dcn._conv._bn.bias
_ef.block.2.._dcn._conv._bn._mean
_ef.block.2.._dcn._conv._bn._variance
_ef.block.2.._se._conv1._conv.weight
_ef.block.2.._se._conv1._conv.bias
_ef.block.2.._se._conv2._conv.weight
_ef.block.2.._se._conv2._conv.bias
_ef.block.2.._pcn._conv._conv._conv.weight
_ef.block.2.._pcn._conv._bn.weight
_ef.block.2.._pcn._conv._bn.bias
_ef.block.2.._pcn._conv._bn._mean
_ef.block.2.._pcn._conv._bn._variance
_ef._blocks.3.._ecn._conv._conv._conv.weight
_ef._blocks.3.._ecn._conv._bn.weight
_ef._blocks.3.._ecn._conv._bn.bias
_ef._blocks.3.._ecn._conv._bn._mean
_ef._blocks.3.._ecn._conv._bn._variance
_ef._blocks.3.._dcn._conv._conv._conv.weight
_ef._blocks.3.._dcn._conv._bn.weight
_ef._blocks.3.._dcn._conv._bn.bias
_ef._blocks.3.._dcn._conv._bn._mean
_ef._blocks.3.._dcn._conv._bn._variance
_ef._blocks.3.._se._conv1._conv.weight
_ef._blocks.3.._se._conv1._conv.bias
_ef._blocks.3.._se._conv2._conv.weight
_ef._blocks.3.._se._conv2._conv.bias
_ef._blocks.3.._pcn._conv._conv._conv.weight
_ef._blocks.3.._pcn._conv._bn.weight
_ef._blocks.3.._pcn._conv._bn.bias
_ef._blocks.3.._pcn._conv._bn._mean
_ef._blocks.3.._pcn._conv._bn._variance
_ef.block.4.._ecn._conv._conv._conv.weight
_ef.block.4.._ecn._conv._bn.weight
_ef.block.4.._ecn._conv._bn.bias
_ef.block.4.._ecn._conv._bn._mean
_ef.block.4.._ecn._conv._bn._variance
_ef.block.4.._dcn._conv._conv._conv.weight
_ef.block.4.._dcn._conv._bn.weight
_ef.block.4.._dcn._conv._bn.bias
_ef.block.4.._dcn._conv._bn._mean
_ef.block.4.._dcn._conv._bn._variance
_ef.block.4.._se._conv1._conv.weight
_ef.block.4.._se._conv1._conv.bias
_ef.block.4.._se._conv2._conv.weight
_ef.block.4.._se._conv2._conv.bias
_ef.block.4.._pcn._conv._conv._conv.weight
_ef.block.4.._pcn._conv._bn.weight
_ef.block.4.._pcn._conv._bn.bias
_ef.block.4.._pcn._conv._bn._mean
_ef.block.4.._pcn._conv._bn._variance
_ef._blocks.5.._ecn._conv._conv._conv.weight
_ef._blocks.5.._ecn._conv._bn.weight
_ef._blocks.5.._ecn._conv._bn.bias
_ef._blocks.5.._ecn._conv._bn._mean
_ef._blocks.5.._ecn._conv._bn._variance
_ef._blocks.5.._dcn._conv._conv._conv.weight
_ef._blocks.5.._dcn._conv._bn.weight
_ef._blocks.5.._dcn._conv._bn.bias
_ef._blocks.5.._dcn._conv._bn._mean
_ef._blocks.5.._dcn._conv._bn._variance
_ef._blocks.5.._se._conv1._conv.weight
_ef._blocks.5.._se._conv1._conv.bias
_ef._blocks.5.._se._conv2._conv.weight
_ef._blocks.5.._se._conv2._conv.bias
_ef._blocks.5.._pcn._conv._conv._conv.weight
_ef._blocks.5.._pcn._conv._bn.weight
_ef._blocks.5.._pcn._conv._bn.bias
_ef._blocks.5.._pcn._conv._bn._mean
_ef._blocks.5.._pcn._conv._bn._variance
_ef.block.6.._ecn._conv._conv._conv.weight
_ef.block.6.._ecn._conv._bn.weight
_ef.block.6.._ecn._conv._bn.bias
_ef.block.6.._ecn._conv._bn._mean
_ef.block.6.._ecn._conv._bn._variance
_ef.block.6.._dcn._conv._conv._conv.weight
_ef.block.6.._dcn._conv._bn.weight
_ef.block.6.._dcn._conv._bn.bias
_ef.block.6.._dcn._conv._bn._mean
_ef.block.6.._dcn._conv._bn._variance
_ef.block.6.._se._conv1._conv.weight
_ef.block.6.._se._conv1._conv.bias
_ef.block.6.._se._conv2._conv.weight
_ef.block.6.._se._conv2._conv.bias
_ef.block.6.._pcn._conv._conv._conv.weight
_ef.block.6.._pcn._conv._bn.weight
_ef.block.6.._pcn._conv._bn.bias
_ef.block.6.._pcn._conv._bn._mean
_ef.block.6.._pcn._conv._bn._variance
_ef.block.7.._ecn._conv._conv._conv.weight
_ef.block.7.._ecn._conv._bn.weight
_ef.block.7.._ecn._conv._bn.bias
_ef.block.7.._ecn._conv._bn._mean
_ef.block.7.._ecn._conv._bn._variance
_ef.block.7.._dcn._conv._conv._conv.weight
_ef.block.7.._dcn._conv._bn.weight
_ef.block.7.._dcn._conv._bn.bias
_ef.block.7.._dcn._conv._bn._mean
_ef.block.7.._dcn._conv._bn._variance
_ef.block.7.._se._conv1._conv.weight
_ef.block.7.._se._conv1._conv.bias
_ef.block.7.._se._conv2._conv.weight
_ef.block.7.._se._conv2._conv.bias
_ef.block.7.._pcn._conv._conv._conv.weight
_ef.block.7.._pcn._conv._bn.weight
_ef.block.7.._pcn._conv._bn.bias
_ef.block.7.._pcn._conv._bn._mean
_ef.block.7.._pcn._conv._bn._variance
_ef._blocks.8.._ecn._conv._conv._conv.weight
_ef._blocks.8.._ecn._conv._bn.weight
_ef._blocks.8.._ecn._conv._bn.bias
_ef._blocks.8.._ecn._conv._bn._mean
_ef._blocks.8.._ecn._conv._bn._variance
_ef._blocks.8.._dcn._conv._conv._conv.weight
_ef._blocks.8.._dcn._conv._bn.weight
_ef._blocks.8.._dcn._conv._bn.bias
_ef._blocks.8.._dcn._conv._bn._mean
_ef._blocks.8.._dcn._conv._bn._variance
_ef._blocks.8.._se._conv1._conv.weight
_ef._blocks.8.._se._conv1._conv.bias
_ef._blocks.8.._se._conv2._conv.weight
_ef._blocks.8.._se._conv2._conv.bias
_ef._blocks.8.._pcn._conv._conv._conv.weight
_ef._blocks.8.._pcn._conv._bn.weight
_ef._blocks.8.._pcn._conv._bn.bias
_ef._blocks.8.._pcn._conv._bn._mean
_ef._blocks.8.._pcn._conv._bn._variance
_ef.block.9.._ecn._conv._conv._conv.weight
_ef.block.9.._ecn._conv._bn.weight
_ef.block.9.._ecn._conv._bn.bias
_ef.block.9.._ecn._conv._bn._mean
_ef.block.9.._ecn._conv._bn._variance
_ef.block.9.._dcn._conv._conv._conv.weight
_ef.block.9.._dcn._conv._bn.weight
_ef.block.9.._dcn._conv._bn.bias
_ef.block.9.._dcn._conv._bn._mean
_ef.block.9.._dcn._conv._bn._variance
_ef.block.9.._se._conv1._conv.weight
_ef.block.9.._se._conv1._conv.bias
_ef.block.9.._se._conv2._conv.weight
_ef.block.9.._se._conv2._conv.bias
_ef.block.9.._pcn._conv._conv._conv.weight
_ef.block.9.._pcn._conv._bn.weight
_ef.block.9.._pcn._conv._bn.bias
_ef.block.9.._pcn._conv._bn._mean
_ef.block.9.._pcn._conv._bn._variance
_ef.block.10.._ecn._conv._conv._conv.weight
_ef.block.10.._ecn._conv._bn.weight
_ef.block.10.._ecn._conv._bn.bias
_ef.block.10.._ecn._conv._bn._mean
_ef.block.10.._ecn._conv._bn._variance
_ef.block.10.._dcn._conv._conv._conv.weight
_ef.block.10.._dcn._conv._bn.weight
_ef.block.10.._dcn._conv._bn.bias
_ef.block.10.._dcn._conv._bn._mean
_ef.block.10.._dcn._conv._bn._variance
_ef.block.10.._se._conv1._conv.weight
_ef.block.10.._se._conv1._conv.bias
_ef.block.10.._se._conv2._conv.weight
_ef.block.10.._se._conv2._conv.bias
_ef.block.10.._pcn._conv._conv._conv.weight
_ef.block.10.._pcn._conv._bn.weight
_ef.block.10.._pcn._conv._bn.bias
_ef.block.10.._pcn._conv._bn._mean
_ef.block.10.._pcn._conv._bn._variance
_ef._blocks.11.._ecn._conv._conv._conv.weight
_ef._blocks.11.._ecn._conv._bn.weight
_ef._blocks.11.._ecn._conv._bn.bias
_ef._blocks.11.._ecn._conv._bn._mean
_ef._blocks.11.._ecn._conv._bn._variance
_ef._blocks.11.._dcn._conv._conv._conv.weight
_ef._blocks.11.._dcn._conv._bn.weight
_ef._blocks.11.._dcn._conv._bn.bias
_ef._blocks.11.._dcn._conv._bn._mean
_ef._blocks.11.._dcn._conv._bn._variance
_ef._blocks.11.._se._conv1._conv.weight
_ef._blocks.11.._se._conv1._conv.bias
_ef._blocks.11.._se._conv2._conv.weight
_ef._blocks.11.._se._conv2._conv.bias
_ef._blocks.11.._pcn._conv._conv._conv.weight
_ef._blocks.11.._pcn._conv._bn.weight
_ef._blocks.11.._pcn._conv._bn.bias
_ef._blocks.11.._pcn._conv._bn._mean
_ef._blocks.11.._pcn._conv._bn._variance
_ef.block.12.._ecn._conv._conv._conv.weight
_ef.block.12.._ecn._conv._bn.weight
_ef.block.12.._ecn._conv._bn.bias
_ef.block.12.._ecn._conv._bn._mean
_ef.block.12.._ecn._conv._bn._variance
_ef.block.12.._dcn._conv._conv._conv.weight
_ef.block.12.._dcn._conv._bn.weight
_ef.block.12.._dcn._conv._bn.bias
_ef.block.12.._dcn._conv._bn._mean
_ef.block.12.._dcn._conv._bn._variance
_ef.block.12.._se._conv1._conv.weight
_ef.block.12.._se._conv1._conv.bias
_ef.block.12.._se._conv2._conv.weight
_ef.block.12.._se._conv2._conv.bias
_ef.block.12.._pcn._conv._conv._conv.weight
_ef.block.12.._pcn._conv._bn.weight
_ef.block.12.._pcn._conv._bn.bias
_ef.block.12.._pcn._conv._bn._mean
_ef.block.12.._pcn._conv._bn._variance
_ef.block.13.._ecn._conv._conv._conv.weight
_ef.block.13.._ecn._conv._bn.weight
_ef.block.13.._ecn._conv._bn.bias
_ef.block.13.._ecn._conv._bn._mean
_ef.block.13.._ecn._conv._bn._variance
_ef.block.13.._dcn._conv._conv._conv.weight
_ef.block.13.._dcn._conv._bn.weight
_ef.block.13.._dcn._conv._bn.bias
_ef.block.13.._dcn._conv._bn._mean
_ef.block.13.._dcn._conv._bn._variance
_ef.block.13.._se._conv1._conv.weight
_ef.block.13.._se._conv1._conv.bias
_ef.block.13.._se._conv2._conv.weight
_ef.block.13.._se._conv2._conv.bias
_ef.block.13.._pcn._conv._conv._conv.weight
_ef.block.13.._pcn._conv._bn.weight
_ef.block.13.._pcn._conv._bn.bias
_ef.block.13.._pcn._conv._bn._mean
_ef.block.13.._pcn._conv._bn._variance
_ef.block.14.._ecn._conv._conv._conv.weight
_ef.block.14.._ecn._conv._bn.weight
_ef.block.14.._ecn._conv._bn.bias
_ef.block.14.._ecn._conv._bn._mean
_ef.block.14.._ecn._conv._bn._variance
_ef.block.14.._dcn._conv._conv._conv.weight
_ef.block.14.._dcn._conv._bn.weight
_ef.block.14.._dcn._conv._bn.bias
_ef.block.14.._dcn._conv._bn._mean
_ef.block.14.._dcn._conv._bn._variance
_ef.block.14.._se._conv1._conv.weight
_ef.block.14.._se._conv1._conv.bias
_ef.block.14.._se._conv2._conv.weight
_ef.block.14.._se._conv2._conv.bias
_ef.block.14.._pcn._conv._conv._conv.weight
_ef.block.14.._pcn._conv._bn.weight
_ef.block.14.._pcn._conv._bn.bias
_ef.block.14.._pcn._conv._bn._mean
_ef.block.14.._pcn._conv._bn._variance
_ef._blocks.15.._ecn._conv._conv._conv.weight
_ef._blocks.15.._ecn._conv._bn.weight
_ef._blocks.15.._ecn._conv._bn.bias
_ef._blocks.15.._ecn._conv._bn._mean
_ef._blocks.15.._ecn._conv._bn._variance
_ef._blocks.15.._dcn._conv._conv._conv.weight
_ef._blocks.15.._dcn._conv._bn.weight
_ef._blocks.15.._dcn._conv._bn.bias
_ef._blocks.15.._dcn._conv._bn._mean
_ef._blocks.15.._dcn._conv._bn._variance
_ef._blocks.15.._se._conv1._conv.weight
_ef._blocks.15.._se._conv1._conv.bias
_ef._blocks.15.._se._conv2._conv.weight
_ef._blocks.15.._se._conv2._conv.bias
_ef._blocks.15.._pcn._conv._conv._conv.weight
_ef._blocks.15.._pcn._conv._bn.weight
_ef._blocks.15.._pcn._conv._bn.bias
_ef._blocks.15.._pcn._conv._bn._mean
_ef._blocks.15.._pcn._conv._bn._variance
_conv._conv._conv.weight
_conv._bn.weight
_conv._bn.bias
_conv._bn._mean
_conv._bn._variance
_fc.weight
_fc.bias
